0 info it worked if it ends with ok
1 verbose cli [ 'node',
1 verbose cli   '/usr/local/bin/npm',
1 verbose cli   'install',
1 verbose cli   'k-react-native.swipe-unlocker' ]
2 info using npm@2.11.3
3 info using node@v0.12.7
4 verbose install initial load of /Users/lizhongqiang/Desktop/react-native/手势滑动/package.json
5 verbose readDependencies loading dependencies from /Users/lizhongqiang/Desktop/react-native/手势滑动/package.json
6 silly cache add args [ 'k-react-native.swipe-unlocker', null ]
7 verbose cache add spec k-react-native.swipe-unlocker
8 silly cache add parsed spec { raw: 'k-react-native.swipe-unlocker',
8 silly cache add   scope: null,
8 silly cache add   name: 'k-react-native.swipe-unlocker',
8 silly cache add   rawSpec: '',
8 silly cache add   spec: '*',
8 silly cache add   type: 'range' }
9 silly addNamed k-react-native.swipe-unlocker@*
10 verbose addNamed "*" is a valid semver range for k-react-native.swipe-unlocker
11 silly addNameRange { name: 'k-react-native.swipe-unlocker',
11 silly addNameRange   range: '*',
11 silly addNameRange   hasData: false }
12 silly mapToRegistry name k-react-native.swipe-unlocker
13 silly mapToRegistry using default registry
14 silly mapToRegistry registry https://registry.npmjs.org/
15 silly mapToRegistry uri https://registry.npmjs.org/k-react-native.swipe-unlocker
16 verbose addNameRange registry:https://registry.npmjs.org/k-react-native.swipe-unlocker not in flight; fetching
17 verbose request uri https://registry.npmjs.org/k-react-native.swipe-unlocker
18 verbose request no auth needed
19 info attempt registry request try #1 at 17:05:53
20 verbose request id c31ed7f794cf5513
21 http request GET https://registry.npmjs.org/k-react-native.swipe-unlocker
22 http 404 https://registry.npmjs.org/k-react-native.swipe-unlocker
23 verbose headers { 'content-type': 'application/json',
23 verbose headers   'cache-control': 'max-age=0',
23 verbose headers   'content-length': '2',
23 verbose headers   'accept-ranges': 'bytes',
23 verbose headers   date: 'Fri, 25 Sep 2015 09:05:56 GMT',
23 verbose headers   via: '1.1 varnish',
23 verbose headers   age: '0',
23 verbose headers   connection: 'keep-alive',
23 verbose headers   'x-served-by': 'cache-nrt6123-NRT',
23 verbose headers   'x-cache': 'MISS',
23 verbose headers   'x-cache-hits': '0',
23 verbose headers   'x-timer': 'S1443171955.613369,VS0,VE525' }
24 silly get cb [ 404,
24 silly get   { 'content-type': 'application/json',
24 silly get     'cache-control': 'max-age=0',
24 silly get     'content-length': '2',
24 silly get     'accept-ranges': 'bytes',
24 silly get     date: 'Fri, 25 Sep 2015 09:05:56 GMT',
24 silly get     via: '1.1 varnish',
24 silly get     age: '0',
24 silly get     connection: 'keep-alive',
24 silly get     'x-served-by': 'cache-nrt6123-NRT',
24 silly get     'x-cache': 'MISS',
24 silly get     'x-cache-hits': '0',
24 silly get     'x-timer': 'S1443171955.613369,VS0,VE525' } ]
25 verbose stack Error: Registry returned 404 for GET on https://registry.npmjs.org/k-react-native.swipe-unlocker
25 verbose stack     at CachingRegistryClient.<anonymous> (/usr/local/lib/node_modules/npm/node_modules/npm-registry-client/lib/request.js:239:14)
25 verbose stack     at Request._callback (/usr/local/lib/node_modules/npm/node_modules/npm-registry-client/lib/request.js:170:14)
25 verbose stack     at Request.self.callback (/usr/local/lib/node_modules/npm/node_modules/request/request.js:354:22)
25 verbose stack     at Request.emit (events.js:110:17)
25 verbose stack     at Request.<anonymous> (/usr/local/lib/node_modules/npm/node_modules/request/request.js:1207:14)
25 verbose stack     at Request.emit (events.js:129:20)
25 verbose stack     at IncomingMessage.<anonymous> (/usr/local/lib/node_modules/npm/node_modules/request/request.js:1153:12)
25 verbose stack     at IncomingMessage.emit (events.js:129:20)
25 verbose stack     at _stream_readable.js:908:16
25 verbose stack     at process._tickCallback (node.js:355:11)
26 verbose statusCode 404
27 verbose pkgid k-react-native.swipe-unlocker
28 verbose cwd /Users/lizhongqiang/Desktop/react-native/手势滑动
29 error Darwin 14.4.0
30 error argv "node" "/usr/local/bin/npm" "install" "k-react-native.swipe-unlocker"
31 error node v0.12.7
32 error npm  v2.11.3
33 error code E404
34 error 404 Registry returned 404 for GET on https://registry.npmjs.org/k-react-native.swipe-unlocker
34 error 404
34 error 404 'k-react-native.swipe-unlocker' is not in the npm registry.
34 error 404 You should bug the author to publish it (or use the name yourself!)
34 error 404
34 error 404 Note that you can also install from a
34 error 404 tarball, folder, http url, or git url.
35 verbose exit [ 1, true ]
